The system is: Windows - 10.0.18363 - AMD64
Compiling the C compiler identification source file "CMakeCCompilerId.c" succeeded.
Compiler: C:/Program Files (x86)/Microsoft Visual Studio/2019/Professional/VC/Tools/MSVC/14.25.28610/bin/Hostx64/x64/cl.exe 
Build flags: 
Id flags:  

The output was:
0
Microsoft (R) C/C++ Optimizing Compiler Version 19.25.28614 for x64
Copyright (C) Microsoft Corporation.  All rights reserved.

CMakeCCompilerId.c
Microsoft (R) Incremental Linker Version 14.25.28614.0
Copyright (C) Microsoft Corporation.  All rights reserved.

/out:CMakeCCompilerId.exe 
CMakeCCompilerId.obj 


Compilation of the C compiler identification source "CMakeCCompilerId.c" produced "CMakeCCompilerId.exe"

Compilation of the C compiler identification source "CMakeCCompilerId.c" produced "CMakeCCompilerId.obj"

The C compiler identification is MSVC, found in "C:/msys64/home/GPC-463/file_c_reverser/cmake-build-debug/CMakeFiles/3.16.5/CompilerIdC/CMakeCCompilerId.exe"

Determining if the C compiler works passed with the following output:
Change Dir: C:/msys64/home/GPC-463/file_c_reverser/cmake-build-debug/CMakeFiles/CMakeTmp

Run Build Command(s):nmake /nologo cmTC_4883b\fast && 	"C:\Program Files (x86)\Microsoft Visual Studio\2019\Professional\VC\Tools\MSVC\14.25.28610\bin\HostX64\x64\nmake.exe" -f CMakeFiles\cmTC_4883b.dir\build.make /nologo -L                  CMakeFiles\cmTC_4883b.dir\build
Building C object CMakeFiles/cmTC_4883b.dir/testCCompiler.c.obj
	C:\PROGRA~2\MIB055~1\2019\PROFES~1\VC\Tools\MSVC\1425~1.286\bin\Hostx64\x64\cl.exe @C:\Users\GPC-463\AppData\Local\Temp\nmF7B.tmp
testCCompiler.c
Linking C executable cmTC_4883b.exe
	C:\Users\GPC-463\AppData\Local\JetBrains\Toolbox\apps\CLion\ch-0\201.6668.126\bin\cmake\win\bin\cmake.exe -E vs_link_exe --intdir=CMakeFiles\cmTC_4883b.dir --rc=C:\PROGRA~2\WI3CF2~1\10\bin\100183~1.0\x64\rc.exe --mt=C:\PROGRA~2\WI3CF2~1\10\bin\100183~1.0\x64\mt.exe --manifests  -- C:\PROGRA~2\MIB055~1\2019\PROFES~1\VC\Tools\MSVC\1425~1.286\bin\Hostx64\x64\link.exe /nologo @CMakeFiles\cmTC_4883b.dir\objects1.rsp @C:\Users\GPC-463\AppData\Local\Temp\nm10B4.tmp



Detecting C compiler ABI info compiled with the following output:
Change Dir: C:/msys64/home/GPC-463/file_c_reverser/cmake-build-debug/CMakeFiles/CMakeTmp

Run Build Command(s):nmake /nologo cmTC_c3527\fast && 	"C:\Program Files (x86)\Microsoft Visual Studio\2019\Professional\VC\Tools\MSVC\14.25.28610\bin\HostX64\x64\nmake.exe" -f CMakeFiles\cmTC_c3527.dir\build.make /nologo -L                  CMakeFiles\cmTC_c3527.dir\build
Building C object CMakeFiles/cmTC_c3527.dir/CMakeCCompilerABI.c.obj
	C:\PROGRA~2\MIB055~1\2019\PROFES~1\VC\Tools\MSVC\1425~1.286\bin\Hostx64\x64\cl.exe @C:\Users\GPC-463\AppData\Local\Temp\nm1259.tmp
CMakeCCompilerABI.c
Linking C executable cmTC_c3527.exe
	C:\Users\GPC-463\AppData\Local\JetBrains\Toolbox\apps\CLion\ch-0\201.6668.126\bin\cmake\win\bin\cmake.exe -E vs_link_exe --intdir=CMakeFiles\cmTC_c3527.dir --rc=C:\PROGRA~2\WI3CF2~1\10\bin\100183~1.0\x64\rc.exe --mt=C:\PROGRA~2\WI3CF2~1\10\bin\100183~1.0\x64\mt.exe --manifests  -- C:\PROGRA~2\MIB055~1\2019\PROFES~1\VC\Tools\MSVC\1425~1.286\bin\Hostx64\x64\link.exe /nologo @CMakeFiles\cmTC_c3527.dir\objects1.rsp @C:\Users\GPC-463\AppData\Local\Temp\nm1289.tmp



